<?xml version="1.0" encoding="UTF-8"?>
<testsuite xmlns:xsi="http://www.w3.org/2001/XMLSchema-instance" xsi:noNamespaceSchemaLocation="https://maven.apache.org/surefire/maven-surefire-plugin/xsd/surefire-test-report.xsd" name="intro_tdd3.intro_tdd3.AppTest" time="0.035" tests="3" errors="0" skipped="0" failures="3">
  <properties>
    <property name="java.specification.version" value="17"/>
    <property name="sun.cpu.isalist" value="amd64"/>
    <property name="sun.jnu.encoding" value="Cp1252"/>
    <property name="java.class.path" value="C:\Users\giuse\Desktop\rubricaconDB\intro-tdd3\target\test-classes;C:\Users\giuse\Desktop\rubricaconDB\intro-tdd3\target\classes;C:\Users\giuse\.m2\repository\junit\junit\4.13.2\junit-4.13.2.jar;C:\Users\giuse\.m2\repository\org\hamcrest\hamcrest-core\1.3\hamcrest-core-1.3.jar;"/>
    <property name="java.vm.vendor" value="Eclipse Adoptium"/>
    <property name="sun.arch.data.model" value="64"/>
    <property name="user.variant" value=""/>
    <property name="java.vendor.url" value="https://adoptium.net/"/>
    <property name="user.timezone" value="Europe/Rome"/>
    <property name="os.name" value="Windows 11"/>
    <property name="java.vm.specification.version" value="17"/>
    <property name="sun.java.launcher" value="SUN_STANDARD"/>
    <property name="user.country" value="IT"/>
    <property name="sun.boot.library.path" value="C:\Users\giuse\Desktop\sts-4.22.0.RELEASE\plugins\org.eclipse.justj.openjdk.hotspot.jre.full.win32.x86_64_17.0.10.v20240120-1143\jre\bin"/>
    <property name="sun.java.command" value="C:\Users\giuse\AppData\Local\Temp\surefire12480969146642315053\surefirebooter836482140675190706.jar C:\Users\giuse\AppData\Local\Temp\surefire12480969146642315053 2024-05-13T15-34-34_526-jvmRun1 surefire5142655482200265530tmp surefire_015668432065391521511tmp"/>
    <property name="jdk.debug" value="release"/>
    <property name="surefire.test.class.path" value="C:\Users\giuse\Desktop\rubricaconDB\intro-tdd3\target\test-classes;C:\Users\giuse\Desktop\rubricaconDB\intro-tdd3\target\classes;C:\Users\giuse\.m2\repository\junit\junit\4.13.2\junit-4.13.2.jar;C:\Users\giuse\.m2\repository\org\hamcrest\hamcrest-core\1.3\hamcrest-core-1.3.jar;"/>
    <property name="sun.cpu.endian" value="little"/>
    <property name="user.home" value="C:\Users\giuse"/>
    <property name="user.language" value="it"/>
    <property name="java.specification.vendor" value="Oracle Corporation"/>
    <property name="java.version.date" value="2024-01-16"/>
    <property name="java.home" value="C:\Users\giuse\Desktop\sts-4.22.0.RELEASE\plugins\org.eclipse.justj.openjdk.hotspot.jre.full.win32.x86_64_17.0.10.v20240120-1143\jre"/>
    <property name="file.separator" value="\"/>
    <property name="style.color" value="always"/>
    <property name="basedir" value="C:\Users\giuse\Desktop\rubricaconDB\intro-tdd3"/>
    <property name="java.vm.compressedOopsMode" value="Zero based"/>
    <property name="line.separator" value="&#10;"/>
    <property name="java.vm.specification.vendor" value="Oracle Corporation"/>
    <property name="java.specification.name" value="Java Platform API Specification"/>
    <property name="surefire.real.class.path" value="C:\Users\giuse\AppData\Local\Temp\surefire12480969146642315053\surefirebooter836482140675190706.jar"/>
    <property name="user.script" value=""/>
    <property name="sun.management.compiler" value="HotSpot 64-Bit Tiered Compilers"/>
    <property name="java.runtime.version" value="17.0.10+7"/>
    <property name="user.name" value="giuse"/>
    <property name="path.separator" value=";"/>
    <property name="os.version" value="10.0"/>
    <property name="java.runtime.name" value="OpenJDK Runtime Environment"/>
    <property name="file.encoding" value="Cp1252"/>
    <property name="java.vm.name" value="OpenJDK 64-Bit Server VM"/>
    <property name="java.vendor.version" value="Temurin-17.0.10+7"/>
    <property name="localRepository" value="C:\Users\giuse\.m2\repository"/>
    <property name="java.vendor.url.bug" value="https://github.com/adoptium/adoptium-support/issues"/>
    <property name="java.io.tmpdir" value="C:\Users\giuse\AppData\Local\Temp\"/>
    <property name="java.version" value="17.0.10"/>
    <property name="user.dir" value="C:\Users\giuse\Desktop\rubricaconDB\intro-tdd3"/>
    <property name="os.arch" value="amd64"/>
    <property name="java.vm.specification.name" value="Java Virtual Machine Specification"/>
    <property name="sun.os.patch.level" value=""/>
    <property name="native.encoding" value="Cp1252"/>
    <property name="java.library.path" value="C:\Users\giuse\Desktop\sts-4.22.0.RELEASE\plugins\org.eclipse.justj.openjdk.hotspot.jre.full.win32.x86_64_17.0.10.v20240120-1143\jre\bin;C:\WINDOWS\Sun\Java\bin;C:\WINDOWS\system32;C:\WINDOWS;C:/Users/giuse/Desktop/sts-4.22.0.RELEASE//plugins/org.eclipse.justj.openjdk.hotspot.jre.full.win32.x86_64_17.0.10.v20240120-1143/jre/bin/server;C:/Users/giuse/Desktop/sts-4.22.0.RELEASE//plugins/org.eclipse.justj.openjdk.hotspot.jre.full.win32.x86_64_17.0.10.v20240120-1143/jre/bin;C:\Program Files\Eclipse Adoptium\jdk-11.0.22.7-hotspot\bin;C:\Python312\Scripts\;C:\Python312\;C:\WINDOWS\system32;C:\WINDOWS;C:\WINDOWS\System32\Wbem;C:\WINDOWS\System32\WindowsPowerShell\v1.0\;C:\WINDOWS\System32\OpenSSH\;C:\Program Files\nodejs\;C:\ProgramData\chocolatey\bin;C:\Program Files\MySQL\MySQL Shell 8.0\bin\;C:\Users\giuse\AppData\Local\Microsoft\WindowsApps;C:\Users\giuse\AppData\Local\Programs\Microsoft VS Code\bin;C:\Users\giuse\AppData\Roaming\npm;C:\Users\giuse\Desktop\sts-4.22.0.RELEASE;;."/>
    <property name="java.vm.info" value="mixed mode"/>
    <property name="java.vendor" value="Eclipse Adoptium"/>
    <property name="java.vm.version" value="17.0.10+7"/>
    <property name="sun.io.unicode.encoding" value="UnicodeLittle"/>
    <property name="java.class.version" value="61.0"/>
  </properties>
  <testcase name="printNumbers" classname="intro_tdd3.intro_tdd3.AppTest" time="0.005">
    <failure message="expected:&lt;1[]&gt; but was:&lt;1[&#10;]&gt;" type="org.junit.ComparisonFailure"><![CDATA[org.junit.ComparisonFailure: 
expected:<1[]> but was:<1[
]>
	at intro_tdd3.intro_tdd3.AppTest.printNumbers(AppTest.java:11)
]]></failure>
  </testcase>
  <testcase name="printNumberX3" classname="intro_tdd3.intro_tdd3.AppTest" time="0">
    <failure message="expected:&lt;[kuksa]&gt; but was:&lt;[1&#10;2&#10;kuksa&#10;]&gt;" type="org.junit.ComparisonFailure"><![CDATA[org.junit.ComparisonFailure: 
expected:<[kuksa]> but was:<[1
2
kuksa
]>
	at intro_tdd3.intro_tdd3.AppTest.printNumberX3(AppTest.java:16)
]]></failure>
  </testcase>
  <testcase name="printNumberX5" classname="intro_tdd3.intro_tdd3.AppTest" time="0">
    <failure message="expected:&lt;[sauna]&gt; but was:&lt;[1&#10;2&#10;kuksa&#10;4&#10;sauna&#10;]&gt;" type="org.junit.ComparisonFailure"><![CDATA[org.junit.ComparisonFailure: 
expected:<[sauna]> but was:<[1
2
kuksa
4
sauna
]>
	at intro_tdd3.intro_tdd3.AppTest.printNumberX5(AppTest.java:21)
]]></failure>
  </testcase>
</testsuite>