<?xml version="1.0" encoding="UTF-8"?>
<testsuite xmlns:xsi="http://www.w3.org/2001/XMLSchema-instance" xsi:noNamespaceSchemaLocation="https://maven.apache.org/surefire/maven-surefire-plugin/xsd/surefire-test-report.xsd" name="com.example.introTddParte2.AppTest" time="0.032" tests="7" errors="0" skipped="0" failures="0">
  <properties>
[...]
</properties>
  <testcase name="shouldReturn2Saunas" classname="com.example.introTddParte2.AppTest" time="0.002"/>
  <testcase name="shouldReturnSaunaAtIndex5" classname="com.example.introTddParte2.AppTest" time="0"/>
  <testcase name="shouldReturnKuksaAtIndex3" classname="com.example.introTddParte2.AppTest" time="0"/>
  <testcase name="shouldReturnKuksaSaunaAt15" classname="com.example.introTddParte2.AppTest" time="0"/>
  <testcase name="shouldReturnKuksaSaunaAt30" classname="com.example.introTddParte2.AppTest" time="0"/>
  <testcase name="shouldReturn4Kuksas" classname="com.example.introTddParte2.AppTest" time="0"/>
  <testcase name="shouldReturn1" classname="com.example.introTddParte2.AppTest" time="0"/>
</testsuite>