<?xml version="1.0" encoding="UTF-8"?>
<testsuite xmlns:xsi="http://www.w3.org/2001/XMLSchema-instance" xsi:noNamespaceSchemaLocation="https://maven.apache.org/surefire/maven-surefire-plugin/xsd/surefire-test-report.xsd" name="intro_tdd3.intro_tdd3.AppTest" time="0.035" tests="3" errors="0" skipped="0" failures="3">
  <properties>
[...]
</properties>
  <testcase name="printNumbers" classname="intro_tdd3.intro_tdd3.AppTest" time="0.005">
    <failure message="expected:&lt;1[]&gt; but was:&lt;1[&#10;]&gt;" type="org.junit.ComparisonFailure"><![CDATA[org.junit.ComparisonFailure: 
expected:<1[]> but was:<1[
]>
	at intro_tdd3.intro_tdd3.AppTest.printNumbers(AppTest.java:11)
]]></failure>
  </testcase>
  <testcase name="printNumberX3" classname="intro_tdd3.intro_tdd3.AppTest" time="0">
    <failure message="expected:&lt;[kuksa]&gt; but was:&lt;[1&#10;2&#10;kuksa&#10;]&gt;" type="org.junit.ComparisonFailure"><![CDATA[org.junit.ComparisonFailure: 
expected:<[kuksa]> but was:<[1
2
kuksa
]>
	at intro_tdd3.intro_tdd3.AppTest.printNumberX3(AppTest.java:16)
]]></failure>
  </testcase>
  <testcase name="printNumberX5" classname="intro_tdd3.intro_tdd3.AppTest" time="0">
    <failure message="expected:&lt;[sauna]&gt; but was:&lt;[1&#10;2&#10;kuksa&#10;4&#10;sauna&#10;]&gt;" type="org.junit.ComparisonFailure"><![CDATA[org.junit.ComparisonFailure: 
expected:<[sauna]> but was:<[1
2
kuksa
4
sauna
]>
	at intro_tdd3.intro_tdd3.AppTest.printNumberX5(AppTest.java:21)
]]></failure>
  </testcase>
</testsuite>